INFO:  latexindent.pl version 3.9.3, 2021-05-07, a script to indent .tex files
       latexindent.pl lives here: C:/Users/rajdh/AppData/Local/Programs/MiKTeX/scripts/latexindent/
       Fri Feb 24 13:31:47 2023
       Filename: c:/Users/rajdh/Desktop/Simulation Lab/Record For Simulation Lab/chapters/chapter_2/circuits/__latexindent_temp_circuit_3.tex
INFO:  Processing switches:
       -y|--yaml: YAML settings specified via command line
       -c|--cruft: cruft directory
INFO:  Directory for backup files and c:/Users/rajdh/Desktop/Simulation Lab/Record For Simulation Lab//indent.log: c:/Users/rajdh/Desktop/Simulation Lab/Record For Simulation Lab/
INFO:  Perl modules are being loaded from the following directories:
       C:/Strawberry/perl/lib/FindBin.pm
       C:/Strawberry/perl/vendor/lib/YAML/Tiny.pm
       C:/Strawberry/perl/lib/File/Copy.pm
       C:/Strawberry/perl/lib/File/Basename.pm
       C:/Strawberry/perl/lib/Getopt/Long.pm
       C:/Strawberry/perl/vendor/lib/File/HomeDir.pm
       C:/Strawberry/perl/vendor/lib/Unicode/GCString.pm
INFO:  Latex Indent perl modules are being loaded from, for example:
       C:/Users/rajdh/AppData/Local/Programs/MiKTeX/scripts/latexindent/LatexIndent/Document.pm
INFO:  YAML settings read: defaultSettings.yaml
        Reading defaultSettings.yaml from C:/Users/rajdh/AppData/Local/Programs/MiKTeX/scripts/latexindent/defaultSettings.yaml
INFO:  YAML settings read: indentconfig.yaml or .indentconfig.yaml
       Home directory is C:\Users\rajdh (didn't find either indentconfig.yaml or .indentconfig.yaml)
       To specify user settings you would put indentconfig.yaml here: C:\Users\rajdh/indentconfig.yaml
       Alternatively, you can use the hidden file .indentconfig.yaml as: C:\Users\rajdh/.indentconfig.yaml
INFO:  YAML settings read: -y switch
       YAML setting: defaultIndent:'    '
       Updating masterSettings with defaultIndent:     
INFO:  Phase 1: searching for objects
INFO:  Phase 2: finding surrounding indentation
INFO:  Phase 3: indenting objects
INFO:  Phase 4: final indentation check
INFO:  Output routine:
       Not outputting to file; see -w and -o switches for more options.
       --------------
INFO:  Please direct all communication/issues to:
        https://github.com/cmhughes/latexindent.pl
