This is pdfTeX, Version 3.141592653-2.6-1.40.24 (MiKTeX 22.10) (preloaded format=pdflatex 2023.2.20)  23 FEB 2023 11:12
entering extended mode
 restricted \write18 enabled.
 file:line:error style messages enabled.
 %&-line parsing enabled.
**"c:/Users/Sanket Bhat/OneDrive/Desktop/Projects/Latex/latex-sim-lab/report.tex"
(c:/Users/Sanket Bhat/OneDrive/Desktop/Projects/Latex/latex-sim-lab/report.tex
LaTeX2e <2022-06-01> patch level 5
L3 programming layer <2022-09-28> (C:\Users\Sanket Bhat\AppData\Local\Programs\MiKTeX-1\tex/latex/base\report.cls
Document Class: report 2021/10/04 v1.4n Standard LaTeX document class
(C:\Users\Sanket Bhat\AppData\Local\Programs\MiKTeX-1\tex/latex/base\size10.clo
File: size10.clo 2021/10/04 v1.4n Standard LaTeX file (size option)
)
\c@part=\count185
\c@chapter=\count186
\c@section=\count187
\c@subsection=\count188
\c@subsubsection=\count189
\c@paragraph=\count190
\c@subparagraph=\count191
\c@figure=\count192
\c@table=\count193
\abovecaptionskip=\skip47
\belowcaptionskip=\skip48
\bibindent=\dimen138
) (C:\Users\Sanket Bhat\AppData\Local\Programs\MiKTeX-1\tex/latex/base\inputenc.sty
Package: inputenc 2021/02/14 v1.3d Input encoding file
\inpenc@prehook=\toks16
\inpenc@posthook=\toks17
) (C:\Users\Sanket Bhat\AppData\Local\Programs\MiKTeX-1\tex/latex/graphics\graphicx.sty
Package: graphicx 2021/09/16 v1.2d Enhanced LaTeX Graphics (DPC,SPQR)
 (C:\Users\Sanket Bhat\AppData\Local\Programs\MiKTeX-1\tex/latex/graphics\keyval.sty
Package: keyval 2022/05/29 v1.15 key=value parser (DPC)
\KV@toks@=\toks18
) (C:\Users\Sanket Bhat\AppData\Local\Programs\MiKTeX-1\tex/latex/graphics\graphics.sty
Package: graphics 2022/03/10 v1.4e Standard LaTeX Graphics (DPC,SPQR)
 (C:\Users\Sanket Bhat\AppData\Local\Programs\MiKTeX-1\tex/latex/graphics\trig.sty
Package: trig 2021/08/11 v1.11 sin cos tan (DPC)
) (C:\Users\Sanket Bhat\AppData\Local\Programs\MiKTeX-1\tex/latex/graphics-cfg\graphics.cfg
File: graphics.cfg 2016/06/04 v1.11 sample graphics configuration
)
Package graphics Info: Driver file: pdftex.def on input line 107.
 (C:\Users\Sanket Bhat\AppData\Local\Programs\MiKTeX-1\tex/latex/graphics-def\pdftex.def
File: pdftex.def 2022/09/22 v1.2b Graphics/color driver for pdftex
\stockwidth=\dimen139
\stockheight=\dimen140
))
\Gin@req@height=\dimen141
\Gin@req@width=\dimen142
) (C:\Users\Sanket Bhat\AppData\Local\Programs\MiKTeX-1\tex/latex/subfigure\subfigure.sty
Package: subfigure 2002/07/30 v2.1.4 subfigure package
\subfigtopskip=\skip49
\subfigcapskip=\skip50
\subfigcaptopadj=\dimen143
\subfigbottomskip=\skip51
\subfigcapmargin=\dimen144
\subfiglabelskip=\skip52
\c@subfigure=\count194
\c@lofdepth=\count195
\c@subtable=\count196
\c@lotdepth=\count197

****************************************
* Local config file subfigure.cfg used *
****************************************
(C:\Users\Sanket Bhat\AppData\Local\Programs\MiKTeX-1\tex/latex/subfigure\subfigure.cfg)
\subfig@top=\skip53
\subfig@bottom=\skip54
) (C:\Users\Sanket Bhat\AppData\Local\Programs\MiKTeX-1\tex/latex/amsmath\amsmath.sty
Package: amsmath 2022/04/08 v2.17n AMS math features
\@mathmargin=\skip55

For additional information on amsmath, use the `?' option.
(C:\Users\Sanket Bhat\AppData\Local\Programs\MiKTeX-1\tex/latex/amsmath\amstext.sty
Package: amstext 2021/08/26 v2.01 AMS text
 (C:\Users\Sanket Bhat\AppData\Local\Programs\MiKTeX-1\tex/latex/amsmath\amsgen.sty
File: amsgen.sty 1999/11/30 v2.0 generic functions
\@emptytoks=\toks19
\ex@=\dimen145
)) (C:\Users\Sanket Bhat\AppData\Local\Programs\MiKTeX-1\tex/latex/amsmath\amsbsy.sty
Package: amsbsy 1999/11/29 v1.2d Bold Symbols
\pmbraise@=\dimen146
) (C:\Users\Sanket Bhat\AppData\Local\Programs\MiKTeX-1\tex/latex/amsmath\amsopn.sty
Package: amsopn 2022/04/08 v2.04 operator names
)
\inf@bad=\count198
LaTeX Info: Redefining \frac on input line 234.
\uproot@=\count199
\leftroot@=\count266
LaTeX Info: Redefining \overline on input line 399.
LaTeX Info: Redefining \colon on input line 410.
\classnum@=\count267
\DOTSCASE@=\count268
LaTeX Info: Redefining \ldots on input line 496.
LaTeX Info: Redefining \dots on input line 499.
LaTeX Info: Redefining \cdots on input line 620.
\Mathstrutbox@=\box51
\strutbox@=\box52
LaTeX Info: Redefining \big on input line 722.
LaTeX Info: Redefining \Big on input line 723.
LaTeX Info: Redefining \bigg on input line 724.
LaTeX Info: Redefining \Bigg on input line 725.
\big@size=\dimen147
LaTeX Font Info:    Redeclaring font encoding OML on input line 743.
LaTeX Font Info:    Redeclaring font encoding OMS on input line 744.
\macc@depth=\count269
LaTeX Info: Redefining \bmod on input line 905.
LaTeX Info: Redefining \pmod on input line 910.
LaTeX Info: Redefining \smash on input line 940.
LaTeX Info: Redefining \relbar on input line 970.
LaTeX Info: Redefining \Relbar on input line 971.
\c@MaxMatrixCols=\count270
\dotsspace@=\muskip16
\c@parentequation=\count271
\dspbrk@lvl=\count272
\tag@help=\toks20
\row@=\count273
\column@=\count274
\maxfields@=\count275
\andhelp@=\toks21
\eqnshift@=\dimen148
\alignsep@=\dimen149
\tagshift@=\dimen150
\tagwidth@=\dimen151
\totwidth@=\dimen152
\lineht@=\dimen153
\@envbody=\toks22
\multlinegap=\skip56
\multlinetaggap=\skip57
\mathdisplay@stack=\toks23
LaTeX Info: Redefining \[ on input line 2953.
LaTeX Info: Redefining \] on input line 2954.
) (C:\Users\Sanket Bhat\AppData\Local\Programs\MiKTeX-1\tex/latex/multirow\multirow.sty
Package: multirow 2021/03/15 v2.8 Span multiple rows of a table
\multirow@colwidth=\skip58
\multirow@cntb=\count276
\multirow@dima=\skip59
\bigstrutjot=\dimen154
) (C:\Users\Sanket Bhat\AppData\Local\Programs\MiKTeX-1\tex/latex/pdfpages\pdfpages.sty
Package: pdfpages 2022/12/19 v0.5x Insert pages of external PDF documents (AM)
 (C:\Users\Sanket Bhat\AppData\Local\Programs\MiKTeX-1\tex/latex/base\ifthen.sty
Package: ifthen 2022/04/13 v1.1d Standard LaTeX ifthen package (DPC)
) (C:\Users\Sanket Bhat\AppData\Local\Programs\MiKTeX-1\tex/latex/tools\calc.sty
Package: calc 2017/05/25 v4.3 Infix arithmetic (KKT,FJ)
\calc@Acount=\count277
\calc@Bcount=\count278
\calc@Adimen=\dimen155
\calc@Bdimen=\dimen156
\calc@Askip=\skip60
\calc@Bskip=\skip61
LaTeX Info: Redefining \setlength on input line 80.
LaTeX Info: Redefining \addtolength on input line 81.
\calc@Ccount=\count279
\calc@Cskip=\skip62
) (C:\Users\Sanket Bhat\AppData\Local\Programs\MiKTeX-1\tex/latex/eso-pic\eso-pic.sty
Package: eso-pic 2020/10/14 v3.0a eso-pic (RN)
\ESO@tempdima=\dimen157
\ESO@tempdimb=\dimen158
 (C:\Users\Sanket Bhat\AppData\Local\Programs\MiKTeX-1\tex/latex/xcolor\xcolor.sty
Package: xcolor 2022/06/12 v2.14 LaTeX color extensions (UK)
 (C:\Users\Sanket Bhat\AppData\Local\Programs\MiKTeX-1\tex/latex/graphics-cfg\color.cfg
File: color.cfg 2016/01/02 v1.6 sample color configuration
)
Package xcolor Info: Driver file: pdftex.def on input line 227.
 (C:\Users\Sanket Bhat\AppData\Local\Programs\MiKTeX-1\tex/latex/graphics\mathcolor.ltx)
Package xcolor Info: Model `cmy' substituted by `cmy0' on input line 1353.
Package xcolor Info: Model `hsb' substituted by `rgb' on input line 1357.
Package xcolor Info: Model `RGB' extended on input line 1369.
Package xcolor Info: Model `HTML' substituted by `rgb' on input line 1371.
Package xcolor Info: Model `Hsb' substituted by `hsb' on input line 1372.
Package xcolor Info: Model `tHsb' substituted by `hsb' on input line 1373.
Package xcolor Info: Model `HSB' substituted by `hsb' on input line 1374.
Package xcolor Info: Model `Gray' substituted by `gray' on input line 1375.
Package xcolor Info: Model `wave' substituted by `hsb' on input line 1376.
))
\AM@pagewidth=\dimen159
\AM@pageheight=\dimen160
\AM@fboxrule=\dimen161
 (C:\Users\Sanket Bhat\AppData\Local\Programs\MiKTeX-1\tex/latex/pdfpages\pppdftex.def
File: pppdftex.def 2022/12/19 v0.5x Pdfpages driver for pdfTeX (AM)
)
\pdfpages@includegraphics@status=\count280
\AM@pagebox=\box53
\AM@global@opts=\toks24
\AM@pagecnt=\count281
\AM@toc@title=\toks25
\AM@lof@heading=\toks26
\c@AM@survey=\count282
\AM@templatesizebox=\box54
) (C:\Users\Sanket Bhat\AppData\Local\Programs\MiKTeX-1\tex/latex/tocbibind\tocbibind.sty
Package: tocbibind 2010/10/13 v1.5k extra ToC listings
Package tocbibind Info: The document has chapter divisions on input line 50.


Package tocbibind Note: Using chapter style headings, unless overridden.

) (C:\Users\Sanket Bhat\AppData\Local\Programs\MiKTeX-1\tex/latex/cite\cite.sty
LaTeX Info: Redefining \cite on input line 302.
LaTeX Info: Redefining \nocite on input line 332.
Package: cite 2015/02/27  v 5.5
) (C:\Users\Sanket Bhat\AppData\Local\Programs\MiKTeX-1\tex/latex/algorithms\algorithm.sty
Package: algorithm 2009/08/24 v0.1 Document Style `algorithm' - floating environment
 (C:\Users\Sanket Bhat\AppData\Local\Programs\MiKTeX-1\tex/latex/float\float.sty
Package: float 2001/11/08 v1.3d Float enhancements (AL)
\c@float@type=\count283
\float@exts=\toks27
\float@box=\box55
\@float@everytoks=\toks28
\@floatcapt=\box56
)
\@float@every@algorithm=\toks29
\c@algorithm=\count284
) (C:\Users\Sanket Bhat\AppData\Local\Programs\MiKTeX-1\tex/latex/algorithmicx\algpseudocode.sty
Package: algpseudocode 
 (C:\Users\Sanket Bhat\AppData\Local\Programs\MiKTeX-1\tex/latex/algorithmicx\algorithmicx.sty
Package: algorithmicx 2005/04/27 v1.2 Algorithmicx

Document Style algorithmicx 1.2 - a greatly improved `algorithmic' style
\c@ALG@line=\count285
\c@ALG@rem=\count286
\c@ALG@nested=\count287
\ALG@tlm=\skip63
\ALG@thistlm=\skip64
\c@ALG@Lnr=\count288
\c@ALG@blocknr=\count289
\c@ALG@storecount=\count290
\c@ALG@tmpcounter=\count291
\ALG@tmplength=\skip65
)
Document Style - pseudocode environments for use with the `algorithmicx' style
) (C:\Users\Sanket Bhat\AppData\Local\Programs\MiKTeX-1\tex/latex/wrapfig\wrapfig.sty
\wrapoverhang=\dimen162
\WF@size=\dimen163
\c@WF@wrappedlines=\count292
\WF@box=\box57
\WF@everypar=\toks30
Package: wrapfig 2003/01/31  v 3.6
) (C:\Users\Sanket Bhat\AppData\Local\Programs\MiKTeX-1\tex/latex/lipsum\lipsum.sty (C:\Users\Sanket Bhat\AppData\Local\Programs\MiKTeX-1\tex/latex/l3packages/l3keys2e\l3keys2e.sty (C:\Users\Sanket Bhat\AppData\Local\Programs\MiKTeX-1\tex/latex/l3kernel\expl3.sty
Package: expl3 2022-09-28 L3 programming layer (loader) 
 (C:\Users\Sanket Bhat\AppData\Local\Programs\MiKTeX-1\tex/latex/l3backend\l3backend-pdftex.def
File: l3backend-pdftex.def 2022-09-28 L3 backend support: PDF output (pdfTeX)
\l__color_backend_stack_int=\count293
\l__pdf_internal_box=\box58
))
Package: l3keys2e 2022-06-22 LaTeX2e option processing using LaTeX3 keys
)
Package: lipsum 2021-09-20 v2.7 150 paragraphs of Lorem Ipsum dummy text
\g__lipsum_par_int=\count294
\l__lipsum_a_int=\count295
\l__lipsum_b_int=\count296
 (C:\Users\Sanket Bhat\AppData\Local\Programs\MiKTeX-1\tex/latex/lipsum\lipsum.ltd.tex)) (C:\Users\Sanket Bhat\AppData\Local\Programs\MiKTeX-1\tex/latex/caption\caption.sty
Package: caption 2022/03/01 v3.6b Customizing captions (AR)
 (C:\Users\Sanket Bhat\AppData\Local\Programs\MiKTeX-1\tex/latex/caption\caption3.sty
Package: caption3 2022/03/17 v2.3b caption3 kernel (AR)
\caption@tempdima=\dimen164
\captionmargin=\dimen165
\caption@leftmargin=\dimen166
\caption@rightmargin=\dimen167
\caption@width=\dimen168
\caption@indent=\dimen169
\caption@parindent=\dimen170
\caption@hangindent=\dimen171
Package caption Info: Standard document class detected.
)
\c@caption@flags=\count297
\c@continuedfloat=\count298
Package caption Info: float package is loaded.
Package caption Info: subfigure package is loaded.
Package caption Info: wrapfig package is loaded.
) (C:\Users\Sanket Bhat\AppData\Local\Programs\MiKTeX-1\tex/latex/titlesec\titlesec.sty
Package: titlesec 2021/07/05 v2.14 Sectioning titles
\ttl@box=\box59
\beforetitleunit=\skip66
\aftertitleunit=\skip67
\ttl@plus=\dimen172
\ttl@minus=\dimen173
\ttl@toksa=\toks31
\titlewidth=\dimen174
\titlewidthlast=\dimen175
\titlewidthfirst=\dimen176
) (C:\Users\Sanket Bhat\AppData\Local\Programs\MiKTeX-1\tex/latex/tools\hhline.sty
Package: hhline 2020/01/04 v2.04 Table rule package (DPC)
) (C:\Users\Sanket Bhat\AppData\Local\Programs\MiKTeX-1\tex/latex/colortbl\colortbl.sty
Package: colortbl 2022/06/20 v1.0f Color table columns (DPC)
 (C:\Users\Sanket Bhat\AppData\Local\Programs\MiKTeX-1\tex/latex/tools\array.sty
Package: array 2022/03/10 v2.5f Tabular extension package (FMi)
\col@sep=\dimen177
\ar@mcellbox=\box60
\extrarowheight=\dimen178
\NC@list=\toks32
\extratabsurround=\skip68
\backup@length=\skip69
\ar@cellbox=\box61
)
\everycr=\toks33
\minrowclearance=\skip70
\rownum=\count299
) (C:\Users\Sanket Bhat\AppData\Local\Programs\MiKTeX-1\tex/latex/fancyhdr\fancyhdr.sty
Package: fancyhdr 2022/11/09 v4.1 Extensive control of page headers and footers
\f@nch@headwidth=\skip71
\f@nch@O@elh=\skip72
\f@nch@O@erh=\skip73
\f@nch@O@olh=\skip74
\f@nch@O@orh=\skip75
\f@nch@O@elf=\skip76
\f@nch@O@erf=\skip77
\f@nch@O@olf=\skip78
\f@nch@O@orf=\skip79
) (C:\Users\Sanket Bhat\AppData\Local\Programs\MiKTeX-1\tex/latex/koma-script\scrextend.sty
Package: scrextend 2022/10/12 v3.38 KOMA-Script package (extend other classes with features of KOMA-Script classes)
 (C:\Users\Sanket Bhat\AppData\Local\Programs\MiKTeX-1\tex/latex/koma-script\scrkbase.sty
Package: scrkbase 2022/10/12 v3.38 KOMA-Script package (KOMA-Script-dependent basics and keyval usage)
 (C:\Users\Sanket Bhat\AppData\Local\Programs\MiKTeX-1\tex/latex/koma-script\scrbase.sty
Package: scrbase 2022/10/12 v3.38 KOMA-Script package (KOMA-Script-independent basics and keyval usage)
 (C:\Users\Sanket Bhat\AppData\Local\Programs\MiKTeX-1\tex/latex/koma-script\scrlfile.sty
Package: scrlfile 2022/10/12 v3.38 KOMA-Script package (file load hooks)
 (C:\Users\Sanket Bhat\AppData\Local\Programs\MiKTeX-1\tex/latex/koma-script\scrlfile-hook.sty
Package: scrlfile-hook 2022/10/12 v3.38 KOMA-Script package (using LaTeX hooks)
 (C:\Users\Sanket Bhat\AppData\Local\Programs\MiKTeX-1\tex/latex/koma-script\scrlogo.sty
Package: scrlogo 2022/10/12 v3.38 KOMA-Script package (logo)
)))
Applying: [2021/05/01] Usage of raw or classic option list on input line 252.
Already applied: [0000/00/00] Usage of raw or classic option list on input line 368.
))) (C:\Users\Sanket Bhat\AppData\Local\Programs\MiKTeX-1\tex/latex/enumitem\enumitem.sty
Package: enumitem 2019/06/20 v3.9 Customized lists
\labelindent=\skip80
\enit@outerparindent=\dimen179
\enit@toks=\toks34
\enit@inbox=\box62
\enit@count@id=\count300
\enitdp@description=\count301
)

Package fancyhdr Warning: \fancyhead's `E' option without twoside option is useless.
(fancyhdr)                Please consider using the `twoside' option on input line 43.


Package fancyhdr Warning: \fancyfoot's `E' option without twoside option is useless.
(fancyhdr)                Please consider using the `twoside' option on input line 44.


Package fancyhdr Warning: \fancyfoot's `E' option without twoside option is useless.
(fancyhdr)                Please consider using the `twoside' option on input line 45.


Package fancyhdr Warning: \fancyfoot's `E' option without twoside option is useless.
(fancyhdr)                Please consider using the `twoside' option on input line 46.


LaTeX Warning: Unused global option(s):
    [13pt].

(report.aux (chapters/titlepage.aux) (chapters/certificatepage.aux) (chapters/marksheetpage.aux) (chapters/chapter_1/chapter_1.aux) (chapters/chapter_2/chapter_2.aux))
\openout1 = `report.aux'.

LaTeX Font Info:    Checking defaults for OML/cmm/m/it on input line 56.
LaTeX Font Info:    ... okay on input line 56.
LaTeX Font Info:    Checking defaults for OMS/cmsy/m/n on input line 56.
LaTeX Font Info:    ... okay on input line 56.
LaTeX Font Info:    Checking defaults for OT1/cmr/m/n on input line 56.
LaTeX Font Info:    ... okay on input line 56.
LaTeX Font Info:    Checking defaults for T1/cmr/m/n on input line 56.
LaTeX Font Info:    ... okay on input line 56.
LaTeX Font Info:    Checking defaults for TS1/cmr/m/n on input line 56.
LaTeX Font Info:    ... okay on input line 56.
LaTeX Font Info:    Checking defaults for OMX/cmex/m/n on input line 56.
LaTeX Font Info:    ... okay on input line 56.
LaTeX Font Info:    Checking defaults for U/cmr/m/n on input line 56.
LaTeX Font Info:    ... okay on input line 56.
 (C:\Users\Sanket Bhat\AppData\Local\Programs\MiKTeX-1\tex/context/base/mkii\supp-pdf.mkii
[Loading MPS to PDF converter (version 2006.09.02).]
\scratchcounter=\count302
\scratchdimen=\dimen180
\scratchbox=\box63
\nofMPsegments=\count303
\nofMParguments=\count304
\everyMPshowfont=\toks35
\MPscratchCnt=\count305
\MPscratchDim=\dimen181
\MPnumerator=\count306
\makeMPintoPDFobject=\count307
\everyMPtoPDFconversion=\toks36
) (C:\Users\Sanket Bhat\AppData\Local\Programs\MiKTeX-1\tex/latex/epstopdf-pkg\epstopdf-base.sty
Package: epstopdf-base 2020-01-24 v2.11 Base part for package epstopdf
Package epstopdf-base Info: Redefining graphics rule for `.eps' on input line 485.
 (C:\Users\Sanket Bhat\AppData\Local\Programs\MiKTeX-1\tex/latex/00miktex\epstopdf-sys.cfg
File: epstopdf-sys.cfg 2021/03/18 v2.0 Configuration of epstopdf for MiKTeX
)) (C:\Users\Sanket Bhat\AppData\Local\Programs\MiKTeX-1\tex/latex/pdflscape\pdflscape.sty
Package: pdflscape 2022-10-27 v0.13 Display of landscape pages in PDF
 (C:\Users\Sanket Bhat\AppData\Local\Programs\MiKTeX-1\tex/latex/pdflscape\pdflscape-nometadata.sty
Package: pdflscape-nometadata 2022-10-28 v0.13 Display of landscape pages in PDF (HO)
 (C:\Users\Sanket Bhat\AppData\Local\Programs\MiKTeX-1\tex/generic/iftex\iftex.sty
Package: iftex 2022/02/03 v1.0f TeX engine tests
) (C:\Users\Sanket Bhat\AppData\Local\Programs\MiKTeX-1\tex/latex/graphics\lscape.sty
Package: lscape 2020/05/28 v3.02 Landscape Pages (DPC)
)
Package pdflscape Info: Auto-detected driver: pdftex on input line 81.
))
Package caption Info: Begin \AtBeginDocument code.
Package caption Info: End \AtBeginDocument code.
 (report.toc [3





{C:/Users/Sanket Bhat/AppData/Local/MiKTeX/fonts/map/pdftex/pdftex.map}])
\tf@toc=\write3
\openout3 = `report.toc'.

 [4] (report.lof)
\tf@lof=\write4
\openout4 = `report.lof'.

 [5

] (report.lot)
\tf@lot=\write5
\openout5 = `report.lot'.

 [6

]
\openout2 = `./chapters/chapter_1/chapter_1.aux'.

 (chapters/chapter_1/chapter_1.tex
Experiment 1.
[1


] (chapters/chapter_1/circuits/circuit_1.tex
<images/experiment-1/circuit-diagram-experiment-01.png, id=25, 1129.21875pt x 483.60675pt>
File: images/experiment-1/circuit-diagram-experiment-01.png Graphic file (type png)
<use images/experiment-1/circuit-diagram-experiment-01.png>
Package pdftex.def Info: images/experiment-1/circuit-diagram-experiment-01.png  used on input line 8.
(pdftex.def)             Requested size: 512.1496pt x 219.34038pt.


LaTeX Warning: `h' float specifier changed to `ht'.

[2 <./images/experiment-1/circuit-diagram-experiment-01.png>]
<images/experiment-1/circuit-scope-experiment-01.png, id=30, 1431.84938pt x 719.68875pt>
File: images/experiment-1/circuit-scope-experiment-01.png Graphic file (type png)
<use images/experiment-1/circuit-scope-experiment-01.png>
Package pdftex.def Info: images/experiment-1/circuit-scope-experiment-01.png  used on input line 81.
(pdftex.def)             Requested size: 512.1496pt x 257.41855pt.
) [3 <./images/experiment-1/circuit-scope-experiment-01.png (PNG copy)>] (chapters/chapter_1/circuits/circuit_2.tex
<images/experiment-1/circuit-diagram-experiment-02.png, id=35, 1129.21875pt x 483.60675pt>
File: images/experiment-1/circuit-diagram-experiment-02.png Graphic file (type png)
<use images/experiment-1/circuit-diagram-experiment-02.png>
Package pdftex.def Info: images/experiment-1/circuit-diagram-experiment-02.png  used on input line 8.
(pdftex.def)             Requested size: 512.1496pt x 219.34038pt.


LaTeX Warning: `h' float specifier changed to `ht'.

[4 <./images/experiment-1/circuit-diagram-experiment-02.png>]
<images/experiment-1/circuit-scope-experiment-02.png, id=39, 1431.84938pt x 719.68875pt>
File: images/experiment-1/circuit-scope-experiment-02.png Graphic file (type png)
<use images/experiment-1/circuit-scope-experiment-02.png>
Package pdftex.def Info: images/experiment-1/circuit-scope-experiment-02.png  used on input line 80.
(pdftex.def)             Requested size: 512.1496pt x 257.41855pt.
) [5 <./images/experiment-1/circuit-scope-experiment-02.png (PNG copy)>] (chapters/chapter_1/circuits/circuit_3.tex
<images/experiment-1/circuit-diagram-experiment-03.png, id=43, 1129.21875pt x 483.60675pt>
File: images/experiment-1/circuit-diagram-experiment-03.png Graphic file (type png)
<use images/experiment-1/circuit-diagram-experiment-03.png>
Package pdftex.def Info: images/experiment-1/circuit-diagram-experiment-03.png  used on input line 8.
(pdftex.def)             Requested size: 512.1496pt x 219.34038pt.


LaTeX Warning: `h' float specifier changed to `ht'.

[6 <./images/experiment-1/circuit-diagram-experiment-03.png>]
<images/experiment-1/circuit-scope-experiment-03.png, id=47, 1431.84938pt x 719.68875pt>
File: images/experiment-1/circuit-scope-experiment-03.png Graphic file (type png)
<use images/experiment-1/circuit-scope-experiment-03.png>
Package pdftex.def Info: images/experiment-1/circuit-scope-experiment-03.png  used on input line 82.
(pdftex.def)             Requested size: 512.1496pt x 257.41855pt.
 [7 <./images/experiment-1/circuit-scope-experiment-03.png (PNG copy)>]) (chapters/chapter_1/circuits/circuit_4.tex
<images/experiment-1/circuit-diagram-experiment-04.png, id=51, 1129.21875pt x 483.60675pt>
File: images/experiment-1/circuit-diagram-experiment-04.png Graphic file (type png)
<use images/experiment-1/circuit-diagram-experiment-04.png>
Package pdftex.def Info: images/experiment-1/circuit-diagram-experiment-04.png  used on input line 8.
(pdftex.def)             Requested size: 512.1496pt x 219.34038pt.


LaTeX Warning: `h' float specifier changed to `ht'.

[8 <./images/experiment-1/circuit-diagram-experiment-04.png>]
<images/experiment-1/circuit-scope-experiment-04.png, id=55, 1431.84938pt x 719.68875pt>
File: images/experiment-1/circuit-scope-experiment-04.png Graphic file (type png)
<use images/experiment-1/circuit-scope-experiment-04.png>
Package pdftex.def Info: images/experiment-1/circuit-scope-experiment-04.png  used on input line 84.
(pdftex.def)             Requested size: 512.1496pt x 257.41855pt.
 [9 <./images/experiment-1/circuit-scope-experiment-04.png (PNG copy)>]) (chapters/chapter_1/circuits/circuit_5.tex
<images/experiment-1/circuit-diagram-experiment-05.png, id=60, 1129.21875pt x 483.60675pt>
File: images/experiment-1/circuit-diagram-experiment-05.png Graphic file (type png)
<use images/experiment-1/circuit-diagram-experiment-05.png>
Package pdftex.def Info: images/experiment-1/circuit-diagram-experiment-05.png  used on input line 8.
(pdftex.def)             Requested size: 512.1496pt x 219.34038pt.


LaTeX Warning: `h' float specifier changed to `ht'.

[10 <./images/experiment-1/circuit-diagram-experiment-05.png>]
<images/experiment-1/circuit-scope-experiment-05.png, id=65, 1431.84938pt x 719.68875pt>
File: images/experiment-1/circuit-scope-experiment-05.png Graphic file (type png)
<use images/experiment-1/circuit-scope-experiment-05.png>
Package pdftex.def Info: images/experiment-1/circuit-scope-experiment-05.png  used on input line 85.
(pdftex.def)             Requested size: 512.1496pt x 257.41855pt.
) [11 <./images/experiment-1/circuit-scope-experiment-05.png (PNG copy)>] (chapters/chapter_1/circuits/circuit_6.tex
<images/experiment-1/circuit-diagram-experiment-06.png, id=69, 1129.21875pt x 483.60675pt>
File: images/experiment-1/circuit-diagram-experiment-06.png Graphic file (type png)
<use images/experiment-1/circuit-diagram-experiment-06.png>
Package pdftex.def Info: images/experiment-1/circuit-diagram-experiment-06.png  used on input line 8.
(pdftex.def)             Requested size: 512.1496pt x 219.34038pt.


LaTeX Warning: `h' float specifier changed to `ht'.

<images/experiment-1/circuit-scope-experiment-06.png, id=70, 1431.84938pt x 719.68875pt>
File: images/experiment-1/circuit-scope-experiment-06.png Graphic file (type png)
<use images/experiment-1/circuit-scope-experiment-06.png>
Package pdftex.def Info: images/experiment-1/circuit-scope-experiment-06.png  used on input line 87.
(pdftex.def)             Requested size: 512.1496pt x 257.41855pt.

LaTeX Warning: `h' float specifier changed to `ht'.

) [12 <./images/experiment-1/circuit-diagram-experiment-06.png>] (chapters/chapter_1/circuits/circuit_7.tex
<images/experiment-1/circuit-diagram-experiment-07.png, id=74, 1129.21875pt x 483.60675pt>
File: images/experiment-1/circuit-diagram-experiment-07.png Graphic file (type png)
<use images/experiment-1/circuit-diagram-experiment-07.png>
Package pdftex.def Info: images/experiment-1/circuit-diagram-experiment-07.png  used on input line 8.
(pdftex.def)             Requested size: 512.1496pt x 219.34038pt.


LaTeX Warning: `h' float specifier changed to `ht'.


LaTeX Warning: `h' float specifier changed to `ht'.

[13 <./images/experiment-1/circuit-scope-experiment-06.png (PNG copy)>]

LaTeX Warning: `h' float specifier changed to `ht'.

<images/experiment-1/circuit-scope-experiment-07.png, id=78, 1431.84938pt x 719.68875pt>
File: images/experiment-1/circuit-scope-experiment-07.png Graphic file (type png)
<use images/experiment-1/circuit-scope-experiment-07.png>
Package pdftex.def Info: images/experiment-1/circuit-scope-experiment-07.png  used on input line 90.
(pdftex.def)             Requested size: 512.1496pt x 257.41855pt.

LaTeX Warning: `h' float specifier changed to `ht'.

[14 <./images/experiment-1/circuit-diagram-experiment-07.png>])) [15 <./images/experiment-1/circuit-scope-experiment-07.png (PNG copy)>] (report.aux (chapters/titlepage.aux) (chapters/certificatepage.aux) (chapters/marksheetpage.aux) (chapters/chapter_1/chapter_1.aux) (chapters/chapter_2/chapter_2.aux)) ) 
Here is how much of TeX's memory you used:
 8549 strings out of 475385
 162590 string characters out of 2773101
 618643 words of memory out of 3000000
 29725 multiletter control sequences out of 15000+600000
 474754 words of font info for 47 fonts, out of 8000000 for 9000
 1141 hyphenation exceptions out of 8191
 108i,11n,106p,955b,404s stack positions out of 10000i,1000n,20000p,200000b,80000s
 <C:\Users\Sanket Bhat\AppData\Local\MiKTeX\fonts/pk/ljfour/jknappen/ec/dpi600\tcrm1000.pk><C:/Users/Sanket Bhat/AppData/Local/Programs/MiKTeX-1/fonts/type1/public/amsfonts/cm/cmbx10.pfb><C:/Users/Sanket Bhat/AppData/Local/Programs/MiKTeX-1/fonts/type1/public/amsfonts/cm/cmbx12.pfb><C:/Users/Sanket Bhat/AppData/Local/Programs/MiKTeX-1/fonts/type1/public/amsfonts/cm/cmex10.pfb><C:/Users/Sanket Bhat/AppData/Local/Programs/MiKTeX-1/fonts/type1/public/amsfonts/cm/cmmi10.pfb><C:/Users/Sanket Bhat/AppData/Local/Programs/MiKTeX-1/fonts/type1/public/amsfonts/cm/cmmi7.pfb><C:/Users/Sanket Bhat/AppData/Local/Programs/MiKTeX-1/fonts/type1/public/amsfonts/cm/cmr10.pfb><C:/Users/Sanket Bhat/AppData/Local/Programs/MiKTeX-1/fonts/type1/public/amsfonts/cm/cmr9.pfb><C:/Users/Sanket Bhat/AppData/Local/Programs/MiKTeX-1/fonts/type1/public/amsfonts/cm/cmsy6.pfb><C:/Users/Sanket Bhat/AppData/Local/Programs/MiKTeX-1/fonts/type1/public/amsfonts/cm/cmsy7.pfb>
Output written on report.pdf (19 pages, 1497326 bytes).
PDF statistics:
 128 PDF objects out of 1000 (max. 8388607)
 0 named destinations out of 1000 (max. 500000)
 71 words of extra memory for PDF output out of 10000 (max. 10000000)

